mode: set
github.com/fuwalab/tools/conf/conf.go:14.28,17.13 2 1
github.com/fuwalab/tools/conf/conf.go:18.14,19.23 1 1
github.com/fuwalab/tools/conf/conf.go:20.15,21.24 1 0
github.com/fuwalab/tools/conf/conf.go:22.10,23.24 1 0
github.com/fuwalab/tools/conf/conf.go:28.30,30.2 1 0
github.com/fuwalab/tools/conf/conf.go:33.29,35.2 1 1
github.com/fuwalab/tools/conf/conf.go:38.25,40.2 1 1
github.com/fuwalab/tools/conf/conf.go:43.37,45.18 2 1
github.com/fuwalab/tools/conf/conf.go:50.2,50.8 1 1
github.com/fuwalab/tools/conf/conf.go:45.18,47.3 1 0
github.com/fuwalab/tools/conf/conf.go:47.8,49.3 1 1
github.com/fuwalab/tools/util/util.go:19.31,23.16 3 1
github.com/fuwalab/tools/util/util.go:28.2,32.38 4 1
github.com/fuwalab/tools/util/util.go:23.16,25.13 2 0
github.com/fuwalab/tools/util/util.go:36.31,38.16 2 1
github.com/fuwalab/tools/util/util.go:43.2,48.30 5 1
github.com/fuwalab/tools/util/util.go:38.16,40.13 2 0
github.com/fuwalab/tools/db/db.go:19.21,21.16 2 1
github.com/fuwalab/tools/db/db.go:25.2,25.11 1 1
github.com/fuwalab/tools/db/db.go:21.16,22.13 1 0
github.com/fuwalab/tools/db/db.go:29.34,31.2 1 1
github.com/fuwalab/tools/db/db.go:34.25,42.16 2 1
github.com/fuwalab/tools/db/db.go:42.16,43.13 1 0
github.com/fuwalab/tools/db/db.go:55.38,63.26 5 1
github.com/fuwalab/tools/db/db.go:63.26,70.17 3 1
github.com/fuwalab/tools/db/db.go:70.17,71.14 1 0
github.com/fuwalab/tools/db/db.go:73.8,81.17 4 0
github.com/fuwalab/tools/db/db.go:81.17,82.14 1 0
github.com/fuwalab/tools/db/db.go:88.65,94.2 4 1
github.com/fuwalab/tools/main.go:17.13,19.2 1 1
github.com/fuwalab/tools/main.go:21.13,25.20 3 0
github.com/fuwalab/tools/main.go:30.2,38.33 3 0
github.com/fuwalab/tools/main.go:25.20,28.3 2 0
github.com/fuwalab/tools/main.go:38.33,44.3 4 0
github.com/fuwalab/tools/main.go:44.8,46.3 1 0
github.com/fuwalab/tools/main.go:49.21,58.2 1 1
github.com/fuwalab/tools/command/account.go:15.12,29.19 8 0
github.com/fuwalab/tools/command/account.go:34.2,34.19 1 0
github.com/fuwalab/tools/command/account.go:38.2,47.37 3 0
github.com/fuwalab/tools/command/account.go:29.19,33.3 3 0
github.com/fuwalab/tools/command/account.go:34.19,36.3 1 0
github.com/fuwalab/tools/command/account.go:51.13,61.19 6 0
github.com/fuwalab/tools/command/account.go:66.2,66.19 1 0
github.com/fuwalab/tools/command/account.go:70.2,76.16 4 0
github.com/fuwalab/tools/command/account.go:80.2,80.44 1 0
github.com/fuwalab/tools/command/account.go:61.19,65.3 3 0
github.com/fuwalab/tools/command/account.go:66.19,68.3 1 0
github.com/fuwalab/tools/command/account.go:76.16,79.3 2 0
github.com/fuwalab/tools/command/account.go:84.21,94.19 6 0
github.com/fuwalab/tools/command/account.go:99.2,99.19 1 0
github.com/fuwalab/tools/command/account.go:103.2,109.16 4 0
github.com/fuwalab/tools/command/account.go:114.2,114.52 1 0
github.com/fuwalab/tools/command/account.go:94.19,98.3 3 0
github.com/fuwalab/tools/command/account.go:99.19,101.3 1 0
github.com/fuwalab/tools/command/account.go:109.16,113.3 3 0
github.com/fuwalab/tools/command/account.go:118.60,121.29 2 0
github.com/fuwalab/tools/command/account.go:127.2,127.14 1 0
github.com/fuwalab/tools/command/account.go:121.29,123.30 2 0
github.com/fuwalab/tools/command/account.go:123.30,125.4 1 0
github.com/fuwalab/tools/command/account.go:127.14,130.3 2 0
